[ 2024-02-06 02:21:04,928 ] 24 root - INFO - Data Read Succesfully from data\dataset_full.csv
[ 2024-02-06 02:21:04,928 ] 25 root - INFO - Initiating Data Ingestion Method
[ 2024-02-06 02:21:09,205 ] 31 root - INFO - Shape of Phished : (22477, 41),Shape of Non Phished is : (6839, 41)
[ 2024-02-06 02:21:09,286 ] 38 root - INFO - Resampleing Completed Succesfully The Value counts are phishing
1    22477
0     6839
Name: count, dtype: int64
[ 2024-02-06 02:21:10,308 ] 42 root - INFO - Clean Data Saved to artifacts/cleaned_data/final_data.csv
[ 2024-02-06 02:21:11,275 ] 49 root - INFO - Training Dataset Saved at artifacts/cleaned_data/train_data.csv
[ 2024-02-06 02:21:11,599 ] 53 root - INFO - Testing Dataset Saved at artifacts/cleaned_data/test_data.csv
[ 2024-02-06 02:21:11,600 ] 54 root - INFO - Completed Data Ingestion Method
[ 2024-02-06 02:21:11,618 ] 24 root - INFO - Initiating Data Preprocessing
[ 2024-02-06 02:21:12,229 ] 33 root - INFO - PCA Process Completed
[ 2024-02-06 02:21:12,258 ] 40 root - INFO - Standardization Process Completed and Saved at artifacts/components/standard.joblib
[ 2024-02-06 02:21:12,258 ] 47 root - INFO - Initiated Model Training
[ 2024-02-06 02:21:12,260 ] 49 root - INFO - Model Parameter Not found
[ 2024-02-06 02:21:14,466 ] 16 root - INFO - Trainind Data
[ 2024-02-06 02:21:14,466 ] 17 root - INFO - Accuracy of KNN using HyperOPT: 0.9751851851851852
[ 2024-02-06 02:21:14,466 ] 18 root - INFO - Precision: 0.9939360359528426
[ 2024-02-06 02:21:14,466 ] 19 root - INFO - Recall: 0.9562307510068704
[ 2024-02-06 02:21:14,466 ] 20 root - INFO - F2 Score: 0.9635412004129889
[ 2024-02-06 02:21:14,538 ] 25 root - INFO - Test Data Loaded Successfully
[ 2024-02-06 02:21:14,540 ] 29 root - INFO - PCA Model loaded Successfully
[ 2024-02-06 02:21:14,552 ] 33 root - INFO - Standardization Model loaded Successfully
[ 2024-02-06 02:21:15,510 ] 42 root - INFO - Testing Data
[ 2024-02-06 02:21:15,510 ] 43 root - INFO - Accuracy of KNN using HyperOPT: 0.9577333333333333
[ 2024-02-06 02:21:15,510 ] 44 root - INFO - Precision: 0.9867436795757978
[ 2024-02-06 02:21:15,511 ] 45 root - INFO - Recall: 0.927795584045584
[ 2024-02-06 02:21:15,511 ] 46 root - INFO - F2 Score: 0.9390149398979978
[ 2024-02-06 02:21:18,988 ] 69 root - INFO - Test data Details : 
 accuracy = 0.927564157217154 , 
 precision = 0.9762583438571171 ,
 recall = 0.8828596599993475 ,
 f2_scoree = 0.9000818346939183
[ 2024-02-06 02:21:18,993 ] 67 root - INFO - Completed Model Training
