[ 2024-01-24 01:03:47,897 ] 23 root - INFO - Data Read Succesfully from data\dataset_full.csv
[ 2024-01-24 01:03:47,897 ] 24 root - INFO - Initiating Data Ingestion Method
[ 2024-01-24 01:04:08,953 ] 35 root - INFO - Smoting Completed Succesfully The Value counts are phishing
1    58000
0    58000
Name: count, dtype: int64
[ 2024-01-24 01:04:09,750 ] 39 root - INFO - Clean Data Saved to artifacts/cleaned_data/final_data.csv
[ 2024-01-24 01:04:10,495 ] 44 root - INFO - Training Dataset Saved at artifacts/cleaned_data/train_data.csv
[ 2024-01-24 01:04:10,732 ] 48 root - INFO - Testing Dataset Saved at artifacts/cleaned_data/test_data.csv
[ 2024-01-24 01:04:10,744 ] 49 root - INFO - Completed Data Ingestion Method
[ 2024-01-24 01:04:10,757 ] 26 root - INFO - Initiating Data Preprocessing
[ 2024-01-24 01:04:11,576 ] 35 root - INFO - PCA Process Completed
[ 2024-01-24 01:04:11,605 ] 42 root - INFO - Standardization Process Completed and Saved at artifacts/components/standard.joblib
[ 2024-01-24 01:04:12,461 ] 88 root - INFO - Trainind Data
[ 2024-01-24 01:04:12,461 ] 89 root - INFO - Accuracy of XGBClassifier using HyperOPT: 0.9071954022988505
[ 2024-01-24 01:04:12,461 ] 90 root - INFO - Precision: 0.8748473491388385
[ 2024-01-24 01:04:12,461 ] 91 root - INFO - Recall: 0.9512362637362637
[ 2024-01-24 01:04:12,462 ] 92 root - INFO - F2 Score: 0.9349095916548912
[ 2024-01-24 01:04:12,535 ] 96 root - INFO - Test Data Loaded Successfully
[ 2024-01-24 01:04:12,537 ] 100 root - INFO - PCA Model loaded Successfully
[ 2024-01-24 01:04:12,549 ] 104 root - INFO - Standardization Model loaded Successfully
[ 2024-01-24 01:04:12,611 ] 113 root - INFO - Testing Data
[ 2024-01-24 01:04:12,611 ] 114 root - INFO - Accuracy of XGBClassifier using HyperOPT: 0.909
[ 2024-01-24 01:04:12,611 ] 115 root - INFO - Precision: 0.8754258533136209
[ 2024-01-24 01:04:12,611 ] 116 root - INFO - Recall: 0.9510474860335195
[ 2024-01-24 01:04:12,611 ] 117 root - INFO - F2 Score: 0.934895726073287
