[ 2024-01-24 01:09:50,018 ] 23 root - INFO - Data Read Succesfully from data\dataset_full.csv
[ 2024-01-24 01:09:50,018 ] 24 root - INFO - Initiating Data Ingestion Method
[ 2024-01-24 01:10:10,462 ] 35 root - INFO - Smoting Completed Succesfully The Value counts are phishing
1    58000
0    58000
Name: count, dtype: int64
[ 2024-01-24 01:10:11,381 ] 39 root - INFO - Clean Data Saved to artifacts/cleaned_data/final_data.csv
[ 2024-01-24 01:10:12,113 ] 44 root - INFO - Training Dataset Saved at artifacts/cleaned_data/train_data.csv
[ 2024-01-24 01:10:12,395 ] 48 root - INFO - Testing Dataset Saved at artifacts/cleaned_data/test_data.csv
[ 2024-01-24 01:10:12,396 ] 49 root - INFO - Completed Data Ingestion Method
[ 2024-01-24 01:10:12,409 ] 26 root - INFO - Initiating Data Preprocessing
[ 2024-01-24 01:10:13,027 ] 35 root - INFO - PCA Process Completed
[ 2024-01-24 01:10:13,057 ] 42 root - INFO - Standardization Process Completed and Saved at artifacts/components/standard.joblib
[ 2024-01-24 01:10:13,902 ] 88 root - INFO - Trainind Data
[ 2024-01-24 01:10:13,902 ] 89 root - INFO - Accuracy of XGBClassifier using HyperOPT: 0.9082988505747126
[ 2024-01-24 01:10:13,902 ] 90 root - INFO - Precision: 0.8791470200926044
[ 2024-01-24 01:10:13,902 ] 91 root - INFO - Recall: 0.9476190476190476
[ 2024-01-24 01:10:13,902 ] 92 root - INFO - F2 Score: 0.9330844627190016
[ 2024-01-24 01:10:14,050 ] 96 root - INFO - Test Data Loaded Successfully
[ 2024-01-24 01:10:14,051 ] 100 root - INFO - PCA Model loaded Successfully
[ 2024-01-24 01:10:14,064 ] 104 root - INFO - Standardization Model loaded Successfully
[ 2024-01-24 01:10:14,132 ] 113 root - INFO - Testing Data
[ 2024-01-24 01:10:14,132 ] 114 root - INFO - Accuracy of XGBClassifier using HyperOPT: 0.9106551724137931
[ 2024-01-24 01:10:14,132 ] 115 root - INFO - Precision: 0.8802931068024122
[ 2024-01-24 01:10:14,132 ] 116 root - INFO - Recall: 0.9479748603351955
[ 2024-01-24 01:10:14,133 ] 117 root - INFO - F2 Score: 0.9336185196902381
